# JRE version: OpenJDK Runtime Environment Temurin-21.0.6+7 (21.0.6+7) (build 21.0.6+7-LTS)
# Java VM: OpenJDK 64-Bit Server VM Temurin-21.0.6+7 (21.0.6+7-LTS, mixed mode, sharing, tiered, compressed oops, compressed class ptrs, parallel gc, windows-amd64)
GC Precious Log:
 CardTable entry size: 512
 CPUs: 16 total, 16 available
 Memory: 15628M
 Large Page Support: Disabled
 NUMA Support: Disabled
 Compressed Oops: Enabled (32-bit)
 Alignments: Space 512K, Generation 512K, Heap 2M
 Heap Min Capacity: 100M
 Heap Initial Capacity: 100M
 Heap Max Capacity: 1G
 Pre-touch: Disabled
 Parallel Workers: 13
Heap:
 PSYoungGen      total 6656K, used 6368K [0x00000000eab00000, 0x00000000eb380000, 0x0000000100000000)
  eden space 5632K, 100% used [0x00000000eab00000,0x00000000eb080000,0x00000000eb080000)
  from space 1024K, 71% used [0x00000000eb080000,0x00000000eb138000,0x00000000eb180000)
  to   space 1024K, 68% used [0x00000000eb280000,0x00000000eb330000,0x00000000eb380000)
 ParOldGen       total 448512K, used 448372K [0x00000000c0000000, 0x00000000db600000, 0x00000000eab00000)
  object space 448512K, 99% used [0x00000000c0000000,0x00000000db5dd088,0x00000000db600000)
 Metaspace       used 64446K, committed 65920K, reserved 1114112K
  class space    used 6479K, committed 7168K, reserved 1048576K
GC Heap History (20 events):
Event: 12.864 GC heap before
{Heap before GC invocations=485 (full 3):
 PSYoungGen      total 5632K, used 5296K [0x00000000eab00000, 0x00000000eb180000, 0x0000000100000000)
  eden space 4608K, 100% used [0x00000000eab00000,0x00000000eaf80000,0x00000000eaf80000)
  from space 1024K, 67% used [0x00000000eaf80000,0x00000000eb02c010,0x00000000eb080000)
  to   space 1024K, 0% used [0x00000000eb080000,0x00000000eb080000,0x00000000eb180000)
 ParOldGen       total 441344K, used 441167K [0x00000000c0000000, 0x00000000daf00000, 0x00000000eab00000)
  object space 441344K, 99% used [0x00000000c0000000,0x00000000daed3e58,0x00000000daf00000)
 Metaspace       used 64446K, committed 65920K, reserved 1114112K
  class space    used 6479K, committed 7168K, reserved 1048576K
}
Event: 12.865 GC heap after
{Heap after GC invocations=485 (full 3):
 PSYoungGen      total 5632K, used 812K [0x00000000eab00000, 0x00000000eb180000, 0x0000000100000000)
  eden space 4608K, 0% used [0x00000000eab00000,0x00000000eab00000,0x00000000eaf80000)
  from space 1024K, 79% used [0x00000000eb080000,0x00000000eb14b008,0x00000000eb180000)
  to   space 1024K, 0% used [0x00000000eaf80000,0x00000000eaf80000,0x00000000eb080000)
 ParOldGen       total 441856K, used 441695K [0x00000000c0000000, 0x00000000daf80000, 0x00000000eab00000)
  object space 441856K, 99% used [0x00000000c0000000,0x00000000daf57e58,0x00000000daf80000)
 Metaspace       used 64446K, committed 65920K, reserved 1114112K
  class space    used 6479K, committed 7168K, reserved 1048576K
}
Event: 12.871 GC heap before
{Heap before GC invocations=486 (full 3):
 PSYoungGen      total 5632K, used 5420K [0x00000000eab00000, 0x00000000eb180000, 0x0000000100000000)
  eden space 4608K, 100% used [0x00000000eab00000,0x00000000eaf80000,0x00000000eaf80000)
  from space 1024K, 79% used [0x00000000eb080000,0x00000000eb14b008,0x00000000eb180000)
  to   space 1024K, 0% used [0x00000000eaf80000,0x00000000eaf80000,0x00000000eb080000)
 ParOldGen       total 441856K, used 441695K [0x00000000c0000000, 0x00000000daf80000, 0x00000000eab00000)
  object space 441856K, 99% used [0x00000000c0000000,0x00000000daf57e58,0x00000000daf80000)
 Metaspace       used 64446K, committed 65920K, reserved 1114112K
  class space    used 6479K, committed 7168K, reserved 1048576K
}
Event: 12.872 GC heap after
{Heap after GC invocations=486 (full 3):
 PSYoungGen      total 5632K, used 672K [0x00000000eab00000, 0x00000000eb180000, 0x0000000100000000)
  eden space 4608K, 0% used [0x00000000eab00000,0x00000000eab00000,0x00000000eaf80000)
  from space 1024K, 65% used [0x00000000eaf80000,0x00000000eb028000,0x00000000eb080000)
  to   space 1024K, 0% used [0x00000000eb080000,0x00000000eb080000,0x00000000eb180000)
 ParOldGen       total 442368K, used 442331K [0x00000000c0000000, 0x00000000db000000, 0x00000000eab00000)
  object space 442368K, 99% used [0x00000000c0000000,0x00000000daff6e60,0x00000000db000000)
 Metaspace       used 64446K, committed 65920K, reserved 1114112K
  class space    used 6479K, committed 7168K, reserved 1048576K
}
Event: 12.881 GC heap before
{Heap before GC invocations=487 (full 3):
 PSYoungGen      total 5632K, used 5280K [0x00000000eab00000, 0x00000000eb180000, 0x0000000100000000)
  eden space 4608K, 100% used [0x00000000eab00000,0x00000000eaf80000,0x00000000eaf80000)
  from space 1024K, 65% used [0x00000000eaf80000,0x00000000eb028000,0x00000000eb080000)
  to   space 1024K, 0% used [0x00000000eb080000,0x00000000eb080000,0x00000000eb180000)
 ParOldGen       total 442368K, used 442331K [0x00000000c0000000, 0x00000000db000000, 0x00000000eab00000)
  object space 442368K, 99% used [0x00000000c0000000,0x00000000daff6e60,0x00000000db000000)
 Metaspace       used 64446K, committed 65920K, reserved 1114112K
  class space    used 6479K, committed 7168K, reserved 1048576K
}
Event: 12.883 GC heap after
{Heap after GC invocations=487 (full 3):
 PSYoungGen      total 5632K, used 768K [0x00000000eab00000, 0x00000000eb180000, 0x0000000100000000)
  eden space 4608K, 0% used [0x00000000eab00000,0x00000000eab00000,0x00000000eaf80000)
  from space 1024K, 75% used [0x00000000eb080000,0x00000000eb140000,0x00000000eb180000)
  to   space 1024K, 0% used [0x00000000eaf80000,0x00000000eaf80000,0x00000000eb080000)
 ParOldGen       total 442880K, used 442835K [0x00000000c0000000, 0x00000000db080000, 0x00000000eab00000)
  object space 442880K, 99% used [0x00000000c0000000,0x00000000db074e60,0x00000000db080000)
 Metaspace       used 64446K, committed 65920K, reserved 1114112K
  class space    used 6479K, committed 7168K, reserved 1048576K
}
Event: 12.890 GC heap before
{Heap before GC invocations=488 (full 3):
 PSYoungGen      total 5632K, used 5376K [0x00000000eab00000, 0x00000000eb180000, 0x0000000100000000)
  eden space 4608K, 100% used [0x00000000eab00000,0x00000000eaf80000,0x00000000eaf80000)
  from space 1024K, 75% used [0x00000000eb080000,0x00000000eb140000,0x00000000eb180000)
  to   space 1024K, 0% used [0x00000000eaf80000,0x00000000eaf80000,0x00000000eb080000)
 ParOldGen       total 442880K, used 442835K [0x00000000c0000000, 0x00000000db080000, 0x00000000eab00000)
  object space 442880K, 99% used [0x00000000c0000000,0x00000000db074e60,0x00000000db080000)
 Metaspace       used 64446K, committed 65920K, reserved 1114112K
  class space    used 6479K, committed 7168K, reserved 1048576K
}
Event: 12.891 GC heap after
{Heap after GC invocations=488 (full 3):
 PSYoungGen      total 5632K, used 736K [0x00000000eab00000, 0x00000000eb180000, 0x0000000100000000)
  eden space 4608K, 0% used [0x00000000eab00000,0x00000000eab00000,0x00000000eaf80000)
  from space 1024K, 71% used [0x00000000eaf80000,0x00000000eb038000,0x00000000eb080000)
  to   space 1024K, 0% used [0x00000000eb080000,0x00000000eb080000,0x00000000eb180000)
 ParOldGen       total 443392K, used 443385K [0x00000000c0000000, 0x00000000db100000, 0x00000000eab00000)
  object space 443392K, 99% used [0x00000000c0000000,0x00000000db0fe470,0x00000000db100000)
 Metaspace       used 64446K, committed 65920K, reserved 1114112K
  class space    used 6479K, committed 7168K, reserved 1048576K
}
Event: 12.898 GC heap before
{Heap before GC invocations=489 (full 3):
 PSYoungGen      total 5632K, used 5344K [0x00000000eab00000, 0x00000000eb180000, 0x0000000100000000)
  eden space 4608K, 100% used [0x00000000eab00000,0x00000000eaf80000,0x00000000eaf80000)
  from space 1024K, 71% used [0x00000000eaf80000,0x00000000eb038000,0x00000000eb080000)
  to   space 1024K, 0% used [0x00000000eb080000,0x00000000eb080000,0x00000000eb180000)
 ParOldGen       total 443392K, used 443385K [0x00000000c0000000, 0x00000000db100000, 0x00000000eab00000)
  object space 443392K, 99% used [0x00000000c0000000,0x00000000db0fe470,0x00000000db100000)
 Metaspace       used 64446K, committed 65920K, reserved 1114112K
  class space    used 6479K, committed 7168K, reserved 1048576K
}
Event: 12.899 GC heap after
{Heap after GC invocations=489 (full 3):
 PSYoungGen      total 5632K, used 720K [0x00000000eab00000, 0x00000000eb180000, 0x0000000100000000)
  eden space 4608K, 0% used [0x00000000eab00000,0x00000000eab00000,0x00000000eaf80000)
  from space 1024K, 70% used [0x00000000eb080000,0x00000000eb134010,0x00000000eb180000)
  to   space 1024K, 0% used [0x00000000eaf80000,0x00000000eaf80000,0x00000000eb080000)
 ParOldGen       total 444416K, used 443921K [0x00000000c0000000, 0x00000000db200000, 0x00000000eab00000)
  object space 444416K, 99% used [0x00000000c0000000,0x00000000db184470,0x00000000db200000)
 Metaspace       used 64446K, committed 65920K, reserved 1114112K
  class space    used 6479K, committed 7168K, reserved 1048576K
}
Event: 12.906 GC heap before
{Heap before GC invocations=490 (full 3):
 PSYoungGen      total 5632K, used 5328K [0x00000000eab00000, 0x00000000eb180000, 0x0000000100000000)
  eden space 4608K, 100% used [0x00000000eab00000,0x00000000eaf80000,0x00000000eaf80000)
  from space 1024K, 70% used [0x00000000eb080000,0x00000000eb134010,0x00000000eb180000)
  to   space 1024K, 0% used [0x00000000eaf80000,0x00000000eaf80000,0x00000000eb080000)
 ParOldGen       total 444416K, used 443921K [0x00000000c0000000, 0x00000000db200000, 0x00000000eab00000)
  object space 444416K, 99% used [0x00000000c0000000,0x00000000db184470,0x00000000db200000)
 Metaspace       used 64446K, committed 65920K, reserved 1114112K
  class space    used 6479K, committed 7168K, reserved 1048576K
}
Event: 12.907 GC heap after
{Heap after GC invocations=490 (full 3):
 PSYoungGen      total 5632K, used 640K [0x00000000eab00000, 0x00000000eb180000, 0x0000000100000000)
  eden space 4608K, 0% used [0x00000000eab00000,0x00000000eab00000,0x00000000eaf80000)
  from space 1024K, 62% used [0x00000000eaf80000,0x00000000eb020000,0x00000000eb080000)
  to   space 1024K, 0% used [0x00000000eb080000,0x00000000eb080000,0x00000000eb180000)
 ParOldGen       total 444928K, used 444497K [0x00000000c0000000, 0x00000000db280000, 0x00000000eab00000)
  object space 444928K, 99% used [0x00000000c0000000,0x00000000db214470,0x00000000db280000)
 Metaspace       used 64446K, committed 65920K, reserved 1114112K
  class space    used 6479K, committed 7168K, reserved 1048576K
}
Event: 12.914 GC heap before
{Heap before GC invocations=491 (full 3):
 PSYoungGen      total 5632K, used 5248K [0x00000000eab00000, 0x00000000eb180000, 0x0000000100000000)
  eden space 4608K, 100% used [0x00000000eab00000,0x00000000eaf80000,0x00000000eaf80000)
  from space 1024K, 62% used [0x00000000eaf80000,0x00000000eb020000,0x00000000eb080000)
  to   space 1024K, 0% used [0x00000000eb080000,0x00000000eb080000,0x00000000eb180000)
 ParOldGen       total 444928K, used 444497K [0x00000000c0000000, 0x00000000db280000, 0x00000000eab00000)
  object space 444928K, 99% used [0x00000000c0000000,0x00000000db214470,0x00000000db280000)
 Metaspace       used 64446K, committed 65920K, reserved 1114112K
  class space    used 6479K, committed 7168K, reserved 1048576K
}
Event: 12.915 GC heap after
{Heap after GC invocations=491 (full 3):
 PSYoungGen      total 5632K, used 704K [0x00000000eab00000, 0x00000000eb180000, 0x0000000100000000)
  eden space 4608K, 0% used [0x00000000eab00000,0x00000000eab00000,0x00000000eaf80000)
  from space 1024K, 68% used [0x00000000eb080000,0x00000000eb130000,0x00000000eb180000)
  to   space 1024K, 0% used [0x00000000eaf80000,0x00000000eaf80000,0x00000000eb080000)
 ParOldGen       total 445440K, used 444993K [0x00000000c0000000, 0x00000000db300000, 0x00000000eab00000)
  object space 445440K, 99% used [0x00000000c0000000,0x00000000db290470,0x00000000db300000)
 Metaspace       used 64446K, committed 65920K, reserved 1114112K
  class space    used 6479K, committed 7168K, reserved 1048576K
}
Event: 12.921 GC heap before
{Heap before GC invocations=492 (full 3):
 PSYoungGen      total 5632K, used 5312K [0x00000000eab00000, 0x00000000eb180000, 0x0000000100000000)
  eden space 4608K, 100% used [0x00000000eab00000,0x00000000eaf80000,0x00000000eaf80000)
  from space 1024K, 68% used [0x00000000eb080000,0x00000000eb130000,0x00000000eb180000)
  to   space 1024K, 0% used [0x00000000eaf80000,0x00000000eaf80000,0x00000000eb080000)
 ParOldGen       total 445440K, used 444993K [0x00000000c0000000, 0x00000000db300000, 0x00000000eab00000)
  object space 445440K, 99% used [0x00000000c0000000,0x00000000db290470,0x00000000db300000)
 Metaspace       used 64446K, committed 65920K, reserved 1114112K
  class space    used 6479K, committed 7168K, reserved 1048576K
}
Event: 12.944 GC heap after
{Heap after GC invocations=492 (full 3):
 PSYoungGen      total 5632K, used 640K [0x00000000eab00000, 0x00000000eb280000, 0x0000000100000000)
  eden space 4608K, 0% used [0x00000000eab00000,0x00000000eab00000,0x00000000eaf80000)
  from space 1024K, 62% used [0x00000000eaf80000,0x00000000eb020000,0x00000000eb080000)
  to   space 1024K, 0% used [0x00000000eb180000,0x00000000eb180000,0x00000000eb280000)
 ParOldGen       total 445952K, used 445537K [0x00000000c0000000, 0x00000000db380000, 0x00000000eab00000)
  object space 445952K, 99% used [0x00000000c0000000,0x00000000db318470,0x00000000db380000)
 Metaspace       used 64446K, committed 65920K, reserved 1114112K
  class space    used 6479K, committed 7168K, reserved 1048576K
}
Event: 12.955 GC heap before
{Heap before GC invocations=493 (full 3):
 PSYoungGen      total 5632K, used 5248K [0x00000000eab00000, 0x00000000eb280000, 0x0000000100000000)
  eden space 4608K, 100% used [0x00000000eab00000,0x00000000eaf80000,0x00000000eaf80000)
  from space 1024K, 62% used [0x00000000eaf80000,0x00000000eb020000,0x00000000eb080000)
  to   space 1024K, 0% used [0x00000000eb180000,0x00000000eb180000,0x00000000eb280000)
 ParOldGen       total 445952K, used 445537K [0x00000000c0000000, 0x00000000db380000, 0x00000000eab00000)
  object space 445952K, 99% used [0x00000000c0000000,0x00000000db318470,0x00000000db380000)
 Metaspace       used 64446K, committed 65920K, reserved 1114112K
  class space    used 6479K, committed 7168K, reserved 1048576K
}
Event: 12.956 GC heap after
{Heap after GC invocations=493 (full 3):
 PSYoungGen      total 6656K, used 856K [0x00000000eab00000, 0x00000000eb280000, 0x0000000100000000)
  eden space 5632K, 0% used [0x00000000eab00000,0x00000000eab00000,0x00000000eb080000)
  from space 1024K, 83% used [0x00000000eb180000,0x00000000eb256008,0x00000000eb280000)
  to   space 1024K, 0% used [0x00000000eb080000,0x00000000eb080000,0x00000000eb180000)
 ParOldGen       total 446464K, used 446009K [0x00000000c0000000, 0x00000000db400000, 0x00000000eab00000)
  object space 446464K, 99% used [0x00000000c0000000,0x00000000db38e470,0x00000000db400000)
 Metaspace       used 64446K, committed 65920K, reserved 1114112K
  class space    used 6479K, committed 7168K, reserved 1048576K
}
Event: 12.964 GC heap before
{Heap before GC invocations=494 (full 3):
 PSYoungGen      total 6656K, used 6488K [0x00000000eab00000, 0x00000000eb280000, 0x0000000100000000)
  eden space 5632K, 100% used [0x00000000eab00000,0x00000000eb080000,0x00000000eb080000)
  from space 1024K, 83% used [0x00000000eb180000,0x00000000eb256008,0x00000000eb280000)
  to   space 1024K, 0% used [0x00000000eb080000,0x00000000eb080000,0x00000000eb180000)
 ParOldGen       total 446464K, used 446009K [0x00000000c0000000, 0x00000000db400000, 0x00000000eab00000)
  object space 446464K, 99% used [0x00000000c0000000,0x00000000db38e470,0x00000000db400000)
 Metaspace       used 64446K, committed 65920K, reserved 1114112K
  class space    used 6479K, committed 7168K, reserved 1048576K
}
Event: 12.983 GC heap after
{Heap after GC invocations=494 (full 3):
 PSYoungGen      total 6656K, used 736K [0x00000000eab00000, 0x00000000eb400000, 0x0000000100000000)
  eden space 5632K, 0% used [0x00000000eab00000,0x00000000eab00000,0x00000000eb080000)
  from space 1024K, 71% used [0x00000000eb080000,0x00000000eb138000,0x00000000eb180000)
  to   space 1024K, 0% used [0x00000000eb300000,0x00000000eb300000,0x00000000eb400000)
 ParOldGen       total 446976K, used 446697K [0x00000000c0000000, 0x00000000db480000, 0x00000000eab00000)
  object space 446976K, 99% used [0x00000000c0000000,0x00000000db43a478,0x00000000db480000)
 Metaspace       used 64446K, committed 65920K, reserved 1114112K
  class space    used 6479K, committed 7168K, reserved 1048576K
}

