# JRE version: Java(TM) SE Runtime Environment (17.0.10+11) (build 17.0.10+11-LTS-240)
# Java VM: Java HotSpot(TM) 64-Bit Server VM (17.0.10+11-LTS-240, mixed mode, sharing, tiered, compressed oops, compressed class ptrs, g1 gc, windows-amd64)
GC Precious Log:
 CPUs: 16 total, 16 available
 Memory: 15628M
 Large Page Support: Disabled
 NUMA Support: Disabled
 Compressed Oops: Enabled (Zero based)
 Heap Region Size: 2M
 Heap Min Capacity: 8M
 Heap Initial Capacity: 246M
 Heap Max Capacity: 3908M
 Pre-touch: Disabled
 Parallel Workers: 13
 Concurrent Workers: 3
 Concurrent Refinement Workers: 13
 Periodic GC: Disabled
Heap:
 garbage-first heap   total 61440K, used 39255K [0x000000070bc00000, 0x0000000800000000)
  region size 2048K, 8 young (16384K), 2 survivors (4096K)
 Metaspace       used 52014K, committed 52544K, reserved 1114112K
  class space    used 6612K, committed 6848K, reserved 1048576K
GC Heap History (20 events):
Event: 1.619 GC heap before
{Heap before GC invocations=3 (full 0):
 garbage-first heap   total 251904K, used 24754K [0x000000070bc00000, 0x0000000800000000)
  region size 2048K, 10 young (20480K), 4 survivors (8192K)
 Metaspace       used 21239K, committed 21504K, reserved 1114112K
  class space    used 2599K, committed 2752K, reserved 1048576K
}
Event: 1.624 GC heap after
{Heap after GC invocations=4 (full 0):
 garbage-first heap   total 251904K, used 15813K [0x000000070bc00000, 0x0000000800000000)
  region size 2048K, 4 young (8192K), 4 survivors (8192K)
 Metaspace       used 21239K, committed 21504K, reserved 1114112K
  class space    used 2599K, committed 2752K, reserved 1048576K
}
Event: 2.142 GC heap before
{Heap before GC invocations=5 (full 0):
 garbage-first heap   total 61440K, used 42437K [0x000000070bc00000, 0x0000000800000000)
  region size 2048K, 18 young (36864K), 4 survivors (8192K)
 Metaspace       used 25846K, committed 26176K, reserved 1114112K
  class space    used 3300K, committed 3456K, reserved 1048576K
}
Event: 2.149 GC heap after
{Heap after GC invocations=6 (full 0):
 garbage-first heap   total 61440K, used 18331K [0x000000070bc00000, 0x0000000800000000)
  region size 2048K, 5 young (10240K), 5 survivors (10240K)
 Metaspace       used 25846K, committed 26176K, reserved 1114112K
  class space    used 3300K, committed 3456K, reserved 1048576K
}
Event: 2.720 GC heap before
{Heap before GC invocations=6 (full 0):
 garbage-first heap   total 61440K, used 42907K [0x000000070bc00000, 0x0000000800000000)
  region size 2048K, 17 young (34816K), 5 survivors (10240K)
 Metaspace       used 32513K, committed 32960K, reserved 1114112K
  class space    used 4157K, committed 4352K, reserved 1048576K
}
Event: 2.725 GC heap after
{Heap after GC invocations=7 (full 0):
 garbage-first heap   total 61440K, used 20333K [0x000000070bc00000, 0x0000000800000000)
  region size 2048K, 3 young (6144K), 3 survivors (6144K)
 Metaspace       used 32513K, committed 32960K, reserved 1114112K
  class space    used 4157K, committed 4352K, reserved 1048576K
}
Event: 2.959 GC heap before
{Heap before GC invocations=7 (full 0):
 garbage-first heap   total 61440K, used 36717K [0x000000070bc00000, 0x0000000800000000)
  region size 2048K, 12 young (24576K), 3 survivors (6144K)
 Metaspace       used 35572K, committed 35968K, reserved 1114112K
  class space    used 4646K, committed 4864K, reserved 1048576K
}
Event: 2.961 GC heap after
{Heap after GC invocations=8 (full 0):
 garbage-first heap   total 61440K, used 22149K [0x000000070bc00000, 0x0000000800000000)
  region size 2048K, 2 young (4096K), 2 survivors (4096K)
 Metaspace       used 35572K, committed 35968K, reserved 1114112K
  class space    used 4646K, committed 4864K, reserved 1048576K
}
Event: 3.283 GC heap before
{Heap before GC invocations=9 (full 0):
 garbage-first heap   total 61440K, used 42629K [0x000000070bc00000, 0x0000000800000000)
  region size 2048K, 13 young (26624K), 2 survivors (4096K)
 Metaspace       used 39987K, committed 40448K, reserved 1114112K
  class space    used 5201K, committed 5440K, reserved 1048576K
}
Event: 3.286 GC heap after
{Heap after GC invocations=10 (full 0):
 garbage-first heap   total 61440K, used 24475K [0x000000070bc00000, 0x0000000800000000)
  region size 2048K, 2 young (4096K), 2 survivors (4096K)
 Metaspace       used 39987K, committed 40448K, reserved 1114112K
  class space    used 5201K, committed 5440K, reserved 1048576K
}
Event: 3.748 GC heap before
{Heap before GC invocations=10 (full 0):
 garbage-first heap   total 61440K, used 42907K [0x000000070bc00000, 0x0000000800000000)
  region size 2048K, 12 young (24576K), 2 survivors (4096K)
 Metaspace       used 44848K, committed 45312K, reserved 1114112K
  class space    used 5860K, committed 6080K, reserved 1048576K
}
Event: 3.751 GC heap after
{Heap after GC invocations=11 (full 0):
 garbage-first heap   total 61440K, used 27201K [0x000000070bc00000, 0x0000000800000000)
  region size 2048K, 2 young (4096K), 2 survivors (4096K)
 Metaspace       used 44848K, committed 45312K, reserved 1114112K
  class space    used 5860K, committed 6080K, reserved 1048576K
}
Event: 4.119 GC heap before
{Heap before GC invocations=11 (full 0):
 garbage-first heap   total 61440K, used 45633K [0x000000070bc00000, 0x0000000800000000)
  region size 2048K, 11 young (22528K), 2 survivors (4096K)
 Metaspace       used 49056K, committed 49536K, reserved 1114112K
  class space    used 6425K, committed 6656K, reserved 1048576K
}
Event: 4.122 GC heap after
{Heap after GC invocations=12 (full 0):
 garbage-first heap   total 61440K, used 28722K [0x000000070bc00000, 0x0000000800000000)
  region size 2048K, 1 young (2048K), 1 survivors (2048K)
 Metaspace       used 49056K, committed 49536K, reserved 1114112K
  class space    used 6425K, committed 6656K, reserved 1048576K
}
Event: 4.560 GC heap before
{Heap before GC invocations=12 (full 0):
 garbage-first heap   total 61440K, used 43058K [0x000000070bc00000, 0x0000000800000000)
  region size 2048K, 9 young (18432K), 1 survivors (2048K)
 Metaspace       used 51058K, committed 51584K, reserved 1114112K
  class space    used 6614K, committed 6848K, reserved 1048576K
}
Event: 4.562 GC heap after
{Heap after GC invocations=13 (full 0):
 garbage-first heap   total 61440K, used 29035K [0x000000070bc00000, 0x0000000800000000)
  region size 2048K, 2 young (4096K), 2 survivors (4096K)
 Metaspace       used 51058K, committed 51584K, reserved 1114112K
  class space    used 6614K, committed 6848K, reserved 1048576K
}
Event: 5.002 GC heap before
{Heap before GC invocations=14 (full 0):
 garbage-first heap   total 61440K, used 43371K [0x000000070bc00000, 0x0000000800000000)
  region size 2048K, 10 young (20480K), 2 survivors (4096K)
 Metaspace       used 51465K, committed 51968K, reserved 1114112K
  class space    used 6612K, committed 6848K, reserved 1048576K
}
Event: 5.003 GC heap after
{Heap after GC invocations=15 (full 0):
 garbage-first heap   total 61440K, used 28953K [0x000000070bc00000, 0x0000000800000000)
  region size 2048K, 1 young (2048K), 1 survivors (2048K)
 Metaspace       used 51465K, committed 51968K, reserved 1114112K
  class space    used 6612K, committed 6848K, reserved 1048576K
}
Event: 5.785 GC heap before
{Heap before GC invocations=15 (full 0):
 garbage-first heap   total 61440K, used 45337K [0x000000070bc00000, 0x0000000800000000)
  region size 2048K, 10 young (20480K), 1 survivors (2048K)
 Metaspace       used 51720K, committed 52224K, reserved 1114112K
  class space    used 6612K, committed 6848K, reserved 1048576K
}
Event: 5.787 GC heap after
{Heap after GC invocations=16 (full 0):
 garbage-first heap   total 61440K, used 29015K [0x000000070bc00000, 0x0000000800000000)
  region size 2048K, 2 young (4096K), 2 survivors (4096K)
 Metaspace       used 51720K, committed 52224K, reserved 1114112K
  class space    used 6612K, committed 6848K, reserved 1048576K
}

